<?xml version="1.0" encoding="UTF-8"?>
<!-- Generated by org.testng.reporters.JUnitXMLReporter -->
<testsuite ignored="1" hostname="TAH-LAP-JOR101" failures="0" tests="4" name="Default test" time="7.355" errors="0" timestamp="2023-08-20T00:19:34 AST">
  <testcase classname="TestCases.GetTest" name="testGet" time="3.039"/>
  <testcase classname="TestCases.PostTest" name="TestPost" time="2.041"/>
  <testcase classname="TestCases.PostTest" name="TestPost" time="1.225"/>
  <testcase classname="TestCases.PostTest" name="TestPost" time="0.487"/>
  <testcase classname="Request.Base" name="@BeforeTest SetUp" time="0.0">
    <ignored/>
  </testcase> <!-- @BeforeTest SetUp -->
</testsuite> <!-- Default test -->
